This is pdfTeX, Version 3.141592653-2.6-1.40.24 (MiKTeX 21.12) (preloaded format=pdflatex 2022.1.21)  21 JAN 2022 22:57
entering extended mode
 restricted \write18 enabled.
 %&-line parsing enabled.
**./refman.tex
(refman.tex
LaTeX2e <2021-11-15> patch level 1
L3 programming layer <2021-11-22>
(C:\Users\bilai\AppData\Local\Programs\MiKTeX\tex/latex/base\book.cls
Document Class: book 2021/10/04 v1.4n Standard LaTeX document class
(C:\Users\bilai\AppData\Local\Programs\MiKTeX\tex/latex/base\bk10.clo
File: bk10.clo 2021/10/04 v1.4n Standard LaTeX file (size option)
)
\c@part=\count183
\c@chapter=\count184
\c@section=\count185
\c@subsection=\count186
\c@subsubsection=\count187
\c@paragraph=\count188
\c@subparagraph=\count189
\c@figure=\count190
\c@table=\count191
\abovecaptionskip=\skip47
\belowcaptionskip=\skip48
\bibindent=\dimen138
)
(C:\Users\bilai\AppData\Local\Programs\MiKTeX\tex/latex/base\ifthen.sty
Package: ifthen 2020/11/24 v1.1c Standard LaTeX ifthen package (DPC)
)
(C:\Users\bilai\AppData\Local\Programs\MiKTeX\tex/latex/tools\array.sty
Rollback for package 'array' requested -> date 2016-10-06.
         Best approximation is the release introduced on 2016-10-06.

(C:\Users\bilai\AppData\Local\Programs\MiKTeX\tex/latex/tools\array-2016-10-06.
sty
Package: array 2016/10/06 v2.4d Tabular extension package (FMi)
\col@sep=\dimen139
\extrarowheight=\dimen140
\NC@list=\toks16
\extratabsurround=\skip49
\backup@length=\skip50
)) (C:\Users\bilai\AppData\Local\Programs\MiKTeX\tex/latex/base\fixltx2e.sty
Package: fixltx2e 2016/12/29 v2.1a fixes to LaTeX (obsolete)
Applying: [2015/01/01] Old fixltx2e package on input line 46.

Package fixltx2e Warning: fixltx2e is not required with releases after 2015
(fixltx2e)                All fixes are now in the LaTeX kernel.
(fixltx2e)                See the latexrelease package for details.

Already applied: [0000/00/00] Old fixltx2e package on input line 53.
) (doxygen.sty
Package: doxygen 

(C:\Users\bilai\AppData\Local\Programs\MiKTeX\tex/latex/base\alltt.sty
Package: alltt 2021/01/29 v2.0g defines alltt environment
)
(C:\Users\bilai\AppData\Local\Programs\MiKTeX\tex/latex/tools\calc.sty
Package: calc 2017/05/25 v4.3 Infix arithmetic (KKT,FJ)
\calc@Acount=\count192
\calc@Bcount=\count193
\calc@Adimen=\dimen141
\calc@Bdimen=\dimen142
\calc@Askip=\skip51
\calc@Bskip=\skip52
LaTeX Info: Redefining \setlength on input line 80.
LaTeX Info: Redefining \addtolength on input line 81.
\calc@Ccount=\count194
\calc@Cskip=\skip53
)
(C:\Users\bilai\AppData\Local\Programs\MiKTeX\tex/latex/float\float.sty
Package: float 2001/11/08 v1.3d Float enhancements (AL)
\c@float@type=\count195
\float@exts=\toks17
\float@box=\box50
\@float@everytoks=\toks18
\@floatcapt=\box51
)
(C:\Users\bilai\AppData\Local\Programs\MiKTeX\tex/latex/tools\verbatim.sty
Package: verbatim 2020-07-07 v1.5u LaTeX2e package for verbatim enhancements
\every@verbatim=\toks19
\verbatim@line=\toks20
\verbatim@in@stream=\read2
)
(C:\Users\bilai\AppData\Local\Programs\MiKTeX\tex/latex/xcolor\xcolor.sty
Package: xcolor 2021/10/31 v2.13 LaTeX color extensions (UK)

(C:\Users\bilai\AppData\Local\Programs\MiKTeX\tex/latex/graphics-cfg\color.cfg
File: color.cfg 2016/01/02 v1.6 sample color configuration
)
Package xcolor Info: Driver file: pdftex.def on input line 227.

(C:\Users\bilai\AppData\Local\Programs\MiKTeX\tex/latex/graphics-def\pdftex.def
File: pdftex.def 2020/10/05 v1.2a Graphics/color driver for pdftex
) (C:\Users\bilai\AppData\Local\Programs\MiKTeX\tex/latex/colortbl\colortbl.sty
Package: colortbl 2020/01/04 v1.0e Color table columns (DPC)
\everycr=\toks21
\minrowclearance=\skip54
)
\rownum=\count196
Package xcolor Info: Model `cmy' substituted by `cmy0' on input line 1352.
Package xcolor Info: Model `hsb' substituted by `rgb' on input line 1356.
Package xcolor Info: Model `RGB' extended on input line 1368.
Package xcolor Info: Model `HTML' substituted by `rgb' on input line 1370.
Package xcolor Info: Model `Hsb' substituted by `hsb' on input line 1371.
Package xcolor Info: Model `tHsb' substituted by `hsb' on input line 1372.
Package xcolor Info: Model `HSB' substituted by `hsb' on input line 1373.
Package xcolor Info: Model `Gray' substituted by `gray' on input line 1374.
Package xcolor Info: Model `wave' substituted by `hsb' on input line 1375.
) (longtable_doxygen.sty
Package: longtable_doxygen 2014/10/28 v4.11 Multi-page Table package (DPC) - fr
ozen version for doxygen
\LTleft=\skip55
\LTright=\skip56
\LTpre=\skip57
\LTpost=\skip58
\LTchunksize=\count197
\LTcapwidth=\dimen143
\LT@head=\box52
\LT@firsthead=\box53
\LT@foot=\box54
\LT@lastfoot=\box55
\LT@cols=\count198
\LT@rows=\count199
\c@LT@tables=\count266
\c@LT@chunks=\count267
\LT@p@ftn=\toks22
) (tabu_doxygen.sty
Package: tabu_doxygen 2011/02/26 v2.8 - flexible LaTeX tabulars (FC), frozen ve
rsion for doxygen

(C:\Users\bilai\AppData\Local\Programs\MiKTeX\tex/latex/varwidth\varwidth.sty
Package: varwidth 2009/03/30 ver 0.92;  Variable-width minipages
\@vwid@box=\box56
\sift@deathcycles=\count268
\@vwid@loff=\dimen144
\@vwid@roff=\dimen145
)
\c@taburow=\count269
\tabu@nbcols=\count270
\tabu@cnt=\count271
\tabu@Xcol=\count272
\tabu@alloc=\count273
\tabu@nested=\count274
\tabu@target=\dimen146
\tabu@spreadtarget=\dimen147
\tabu@naturalX=\dimen148
\tabucolX=\dimen149
\tabu@Xsum=\dimen150
\extrarowdepth=\dimen151
\abovetabulinesep=\dimen152
\belowtabulinesep=\dimen153
\tabustrutrule=\dimen154
\tabu@thebody=\toks23
\tabu@footnotes=\toks24
\tabu@box=\box57
\tabu@arstrutbox=\box58
\tabu@hleads=\box59
\tabu@vleads=\box60
\tabu@cellskip=\skip59
) (C:\Users\bilai\AppData\Local\Programs\MiKTeX\tex/latex/fancyvrb\fancyvrb.sty
Package: fancyvrb 2021/12/21 4.1b verbatim text (tvz,hv)

(C:\Users\bilai\AppData\Local\Programs\MiKTeX\tex/latex/graphics\keyval.sty
Package: keyval 2014/10/28 v1.15 key=value parser (DPC)
\KV@toks@=\toks25
)
\FV@CodeLineNo=\count275
\FV@InFile=\read3
\FV@TabBox=\box61
\c@FancyVerbLine=\count276
\FV@StepNumber=\count277
\FV@OutFile=\write3
)
(C:\Users\bilai\AppData\Local\Programs\MiKTeX\tex/latex/tools\tabularx.sty
Package: tabularx 2020/01/15 v2.11c `tabularx' package (DPC)
\TX@col@width=\dimen155
\TX@old@table=\dimen156
\TX@old@col=\dimen157
\TX@target=\dimen158
\TX@delta=\dimen159
\TX@cols=\count278
\TX@ftn=\toks26
)
(C:\Users\bilai\AppData\Local\Programs\MiKTeX\tex/latex/tools\multicol.sty
Package: multicol 2021/10/28 v1.9b multicolumn formatting (FMi)
\c@tracingmulticols=\count279
\mult@box=\box62
\multicol@leftmargin=\dimen160
\c@unbalance=\count280
\c@collectmore=\count281
\doublecol@number=\count282
\multicoltolerance=\count283
\multicolpretolerance=\count284
\full@width=\dimen161
\page@free=\dimen162
\premulticols=\dimen163
\postmulticols=\dimen164
\multicolsep=\skip60
\multicolbaselineskip=\skip61
\partial@page=\box63
\last@line=\box64
\maxbalancingoverflow=\dimen165
\mult@rightbox=\box65
\mult@grightbox=\box66
\mult@firstbox=\box67
\mult@gfirstbox=\box68
\@tempa=\box69
\@tempa=\box70
\@tempa=\box71
\@tempa=\box72
\@tempa=\box73
\@tempa=\box74
\@tempa=\box75
\@tempa=\box76
\@tempa=\box77
\@tempa=\box78
\@tempa=\box79
\@tempa=\box80
\@tempa=\box81
\@tempa=\box82
\@tempa=\box83
\@tempa=\box84
\@tempa=\box85
\@tempa=\box86
\@tempa=\box87
\@tempa=\box88
\@tempa=\box89
\@tempa=\box90
\@tempa=\box91
\@tempa=\box92
\@tempa=\box93
\@tempa=\box94
\@tempa=\box95
\@tempa=\box96
\@tempa=\box97
\@tempa=\box98
\@tempa=\box99
\@tempa=\box100
\@tempa=\box101
\@tempa=\box102
\@tempa=\box103
\@tempa=\box104
\c@minrows=\count285
\c@columnbadness=\count286
\c@finalcolumnbadness=\count287
\last@try=\dimen166
\multicolovershoot=\dimen167
\multicolundershoot=\dimen168
\mult@nat@firstbox=\box105
\colbreak@box=\box106
\mc@col@check@num=\count288
)
(C:\Users\bilai\AppData\Local\Programs\MiKTeX\tex/latex/multirow\multirow.sty
Package: multirow 2021/03/15 v2.8 Span multiple rows of a table
\multirow@colwidth=\skip62
\multirow@cntb=\count289
\multirow@dima=\skip63
\bigstrutjot=\dimen169
)
(C:\Users\bilai\AppData\Local\Programs\MiKTeX\tex/latex/hanging\hanging.sty
Package: hanging 2009/09/02 v1.2b hanging paragraphs and punctuation
\h@ngcommawd=\skip64
\h@ngfstopwd=\skip65
\h@ngquotewd=\skip66
\h@ngdquotewd=\skip67
\h@ngquerywd=\skip68
\h@ngexclwd=\skip69
\h@ngcolonwd=\skip70
\h@ngscolonwd=\skip71
)
(C:\Users\bilai\AppData\Local\Programs\MiKTeX\tex/generic/iftex\ifpdf.sty
Package: ifpdf 2019/10/25 v3.4 ifpdf legacy package. Use iftex instead.

(C:\Users\bilai\AppData\Local\Programs\MiKTeX\tex/generic/iftex\iftex.sty
Package: iftex 2020/03/06 v1.0d TeX engine tests
))
(C:\Users\bilai\AppData\Local\Programs\MiKTeX\tex/latex/adjustbox\adjustbox.sty
Package: adjustbox 2020/08/19 v1.3 Adjusting TeX boxes (trim, clip, ...)
(C:\Users\bilai\AppData\Local\Programs\MiKTeX\tex/latex/xkeyval\xkeyval.sty
Package: xkeyval 2020/11/20 v2.8 package option processing (HA)

(C:\Users\bilai\AppData\Local\Programs\MiKTeX\tex/generic/xkeyval\xkeyval.tex
(C:\Users\bilai\AppData\Local\Programs\MiKTeX\tex/generic/xkeyval\xkvutils.tex
\XKV@toks=\toks27
\XKV@tempa@toks=\toks28
)
\XKV@depth=\count290
File: xkeyval.tex 2014/12/03 v2.7a key=value parser (HA)
))
(C:\Users\bilai\AppData\Local\Programs\MiKTeX\tex/latex/adjustbox\adjcalc.sty
Package: adjcalc 2012/05/16 v1.1 Provides advanced setlength with multiple back
-ends (calc, etex, pgfmath)
)
(C:\Users\bilai\AppData\Local\Programs\MiKTeX\tex/latex/adjustbox\trimclip.sty
Package: trimclip 2020/08/19 v1.2 Trim and clip general TeX material

(C:\Users\bilai\AppData\Local\Programs\MiKTeX\tex/latex/graphics\graphicx.sty
Package: graphicx 2021/09/16 v1.2d Enhanced LaTeX Graphics (DPC,SPQR)

(C:\Users\bilai\AppData\Local\Programs\MiKTeX\tex/latex/graphics\graphics.sty
Package: graphics 2021/03/04 v1.4d Standard LaTeX Graphics (DPC,SPQR)

(C:\Users\bilai\AppData\Local\Programs\MiKTeX\tex/latex/graphics\trig.sty
Package: trig 2021/08/11 v1.11 sin cos tan (DPC)
)
(C:\Users\bilai\AppData\Local\Programs\MiKTeX\tex/latex/graphics-cfg\graphics.c
fg
File: graphics.cfg 2016/06/04 v1.11 sample graphics configuration
)
Package graphics Info: Driver file: pdftex.def on input line 107.
)
\Gin@req@height=\dimen170
\Gin@req@width=\dimen171
)
(C:\Users\bilai\AppData\Local\Programs\MiKTeX\tex/latex/collectbox\collectbox.s
ty
Package: collectbox 2012/05/17 v0.4b Collect macro arguments as boxes
\collectedbox=\box107
)
\tc@llx=\dimen172
\tc@lly=\dimen173
\tc@urx=\dimen174
\tc@ury=\dimen175
Package trimclip Info: Using driver 'tc-pdftex.def'.

(C:\Users\bilai\AppData\Local\Programs\MiKTeX\tex/latex/adjustbox\tc-pdftex.def
File: tc-pdftex.def 2019/01/04 v2.2 Clipping driver for pdftex
))
\adjbox@Width=\dimen176
\adjbox@Height=\dimen177
\adjbox@Depth=\dimen178
\adjbox@Totalheight=\dimen179
\adjbox@pwidth=\dimen180
\adjbox@pheight=\dimen181
\adjbox@pdepth=\dimen182
\adjbox@ptotalheight=\dimen183

(C:\Users\bilai\AppData\Local\Programs\MiKTeX\tex/latex/ifoddpage\ifoddpage.sty
Package: ifoddpage 2016/04/23 v1.1 Conditionals for odd/even page detection
\c@checkoddpage=\count291
)) (C:\Users\bilai\AppData\Local\Programs\MiKTeX\tex/latex/amsfonts\amssymb.sty
Package: amssymb 2013/01/14 v3.01 AMS font symbols
(C:\Users\bilai\AppData\Local\Programs\MiKTeX\tex/latex/amsfonts\amsfonts.sty
Package: amsfonts 2013/01/14 v3.01 Basic AMSFonts support
\@emptytoks=\toks29
\symAMSa=\mathgroup4
\symAMSb=\mathgroup5
LaTeX Font Info:    Redeclaring math symbol \hbar on input line 98.
LaTeX Font Info:    Overwriting math alphabet `\mathfrak' in version `bold'
(Font)                  U/euf/m/n --> U/euf/b/n on input line 106.
))
(C:\Users\bilai\AppData\Local\Programs\MiKTeX\tex/latex/stackengine\stackengine
.sty
Package: stackengine 2021/07/22 v4.11\ Stacking text and objects in convenient 
ways

(C:\Users\bilai\AppData\Local\Programs\MiKTeX\tex/latex/etoolbox\etoolbox.sty
Package: etoolbox 2020/10/05 v2.5k e-TeX tools for LaTeX (JAW)
\etb@tempcnta=\count292
)
(C:\Users\bilai\AppData\Local\Programs\MiKTeX\tex/latex/listofitems\listofitems
.sty
(C:\Users\bilai\AppData\Local\Programs\MiKTeX\tex/generic/listofitems\listofite
ms.tex
\loi_cnt_foreach_nest=\count293
\loi_nestcnt=\count294
)
Package: listofitems 2019/08/21 v1.63 Grab items in lists using user-specified 
sep char (CT)
)
\c@@stackindex=\count295
\@boxshift=\skip72
\stack@tmplength=\skip73
\temp@stkl=\skip74
\@stackedboxwidth=\skip75
\@addedbox=\box108
\@anchorbox=\box109
\@insetbox=\box110
\se@backgroundbox=\box111
\stackedbox=\box112
\@centerbox=\box113
\c@ROWcellindex@=\count296
)
(C:\Users\bilai\AppData\Local\Programs\MiKTeX\tex/latex/enumitem\enumitem.sty
Package: enumitem 2019/06/20 v3.9 Customized lists
\labelindent=\skip76
\enit@outerparindent=\dimen184
\enit@toks=\toks30
\enit@inbox=\box114
\enit@count@id=\count297
\enitdp@description=\count298
)
(C:\Users\bilai\AppData\Local\Programs\MiKTeX\tex/generic/alphalph\alphalph.sty
Package: alphalph 2019/12/09 v2.6 Convert numbers to letters (HO)

(C:\Users\bilai\AppData\Local\Programs\MiKTeX\tex/generic/infwarerr\infwarerr.s
ty
Package: infwarerr 2019/12/03 v1.5 Providing info/warning/error messages (HO)
)
(C:\Users\bilai\AppData\Local\Programs\MiKTeX\tex/generic/intcalc\intcalc.sty
Package: intcalc 2019/12/15 v1.3 Expandable calculations with integers (HO)
)) (C:\Users\bilai\AppData\Local\Programs\MiKTeX\tex/latex/ulem\ulem.sty
\UL@box=\box115
\UL@hyphenbox=\box116
\UL@skip=\skip77
\UL@hook=\toks31
\UL@height=\dimen185
\UL@pe=\count299
\UL@pixel=\dimen186
\ULC@box=\box117
Package: ulem 2019/11/18
\ULdepth=\dimen187
)
\xrefbox=\box118
\xreflength=\skip78
\CodeWidthChar=\skip79
\CodeHeightChar=\skip80
\DoxyCodeWidth=\skip81
\c@DoxyEnumeratei=\count300
\c@DoxyEnumerateii=\count301
\c@DoxyEnumerateiii=\count302
\c@DoxyEnumerateiv=\count303
\c@DoxyEnumeratev=\count304
\c@DoxyEnumeratevi=\count305
\c@DoxyEnumeratevii=\count306
\c@DoxyEnumerateviii=\count307
\c@DoxyEnumerateix=\count308
\c@DoxyEnumeratex=\count309
\c@DoxyEnumeratexi=\count310
\c@DoxyEnumeratexii=\count311
\enitdp@DoxyEnumerate=\count312
\enitdp@DoxyItemize=\count313
)
(C:\Users\bilai\AppData\Local\Programs\MiKTeX\tex/latex/base\inputenc.sty
Package: inputenc 2021/02/14 v1.3d Input encoding file
\inpenc@prehook=\toks32
\inpenc@posthook=\toks33
)
(C:\Users\bilai\AppData\Local\Programs\MiKTeX\tex/latex/base\makeidx.sty
Package: makeidx 2021/10/04 v1.0m Standard LaTeX package
)
(C:\Users\bilai\AppData\Local\Programs\MiKTeX\tex/latex/base\textcomp.sty
Package: textcomp 2020/02/02 v2.0n Standard LaTeX package
)
(C:\Users\bilai\AppData\Local\Programs\MiKTeX\tex/latex/wasysym\wasysym.sty
Package: wasysym 2020/01/19 v2.4 Wasy-2 symbol support package
\symwasy=\mathgroup6
LaTeX Font Info:    Overwriting symbol font `wasy' in version `bold'
(Font)                  U/wasy/m/n --> U/wasy/b/n on input line 93.
)
(C:\Users\bilai\AppData\Local\Programs\MiKTeX\tex/generic/iftex\ifxetex.sty
Package: ifxetex 2019/10/25 v0.7 ifxetex legacy package. Use iftex instead.
)
(C:\Users\bilai\AppData\Local\Programs\MiKTeX\tex/generic/babel\babel.sty
Package: babel 2021/11/29 3.67 The Babel package
\babel@savecnt=\count314
\U@D=\dimen188
\l@unhyphenated=\language79

(C:\Users\bilai\AppData\Local\Programs\MiKTeX\tex/generic/babel\txtbabel.def)
\bbl@readstream=\read4
\bbl@dirlevel=\count315

*************************************
* Local config file bblopts.cfg used
*
(C:\Users\bilai\AppData\Local\Programs\MiKTeX\tex/latex/arabi\bblopts.cfg
File: bblopts.cfg 2005/09/08 v0.1 add Arabic and Farsi to "declared" options of
 babel
)
(C:\Users\bilai\AppData\Local\Programs\MiKTeX\tex/generic/babel-french\french.l
df
Language: french 2021/07/20 v3.5m French support from the babel system
Package babel Info: Hyphen rules for 'acadian' set to \l@french
(babel)             (\language22). Reported on input line 91.
Package babel Info: Hyphen rules for 'canadien' set to \l@french
(babel)             (\language22). Reported on input line 92.
\FB@nonchar=\count316
Package babel Info: Making : an active character on input line 430.
Package babel Info: Making ; an active character on input line 431.
Package babel Info: Making ! an active character on input line 432.
Package babel Info: Making ? an active character on input line 433.
\FBguill@level=\count317
\FBold@everypar=\toks34
\FB@Mht=\dimen189
\mc@charclass=\count318
\mc@charfam=\count319
\mc@charslot=\count320
\std@mcc=\count321
\dec@mcc=\count322
\listindentFB=\dimen190
\descindentFB=\dimen191
\labelindentFB=\dimen192
\labelwidthFB=\dimen193
\leftmarginFB=\dimen194
\parindentFFN=\dimen195
\FBfnindent=\dimen196
))
(C:\Users\bilai\AppData\Local\Programs\MiKTeX\tex/latex/carlisle\scalefnt.sty)
(C:\Users\bilai\AppData\Local\Programs\MiKTeX\tex/latex/base\fontenc.sty
Package: fontenc 2021/04/29 v2.0v Standard LaTeX package
)
(C:\Users\bilai\AppData\Local\Programs\MiKTeX\tex/latex/psnfss\helvet.sty
Package: helvet 2020/03/25 PSNFSS-v9.3 (WaS) 
)
(C:\Users\bilai\AppData\Local\Programs\MiKTeX\tex/latex/psnfss\courier.sty
Package: courier 2020/03/25 PSNFSS-v9.3 (WaS) 
)
(C:\Users\bilai\AppData\Local\Programs\MiKTeX\tex/latex/sectsty\sectsty.sty
Package: sectsty 2002/02/25 v2.0.2 Commands to change all sectional heading sty
les


LaTeX Warning: Command \underbar  has changed.
               Check if current package is valid.


LaTeX Warning: Command \underline  has changed.
               Check if current package is valid.

) (C:\Users\bilai\AppData\Local\Programs\MiKTeX\tex/latex/geometry\geometry.sty
Package: geometry 2020/01/02 v5.9 Page Geometry
(C:\Users\bilai\AppData\Local\Programs\MiKTeX\tex/generic/iftex\ifvtex.sty
Package: ifvtex 2019/10/25 v1.7 ifvtex legacy package. Use iftex instead.
)
\Gm@cnth=\count323
\Gm@cntv=\count324
\c@Gm@tempcnt=\count325
\Gm@bindingoffset=\dimen197
\Gm@wd@mp=\dimen198
\Gm@odd@mp=\dimen199
\Gm@even@mp=\dimen256
\Gm@layoutwidth=\dimen257
\Gm@layoutheight=\dimen258
\Gm@layouthoffset=\dimen259
\Gm@layoutvoffset=\dimen260
\Gm@dimlist=\toks35

(C:\Users\bilai\AppData\Local\Programs\MiKTeX\tex/latex/geometry\geometry.cfg))
(C:\Users\bilai\AppData\Local\Programs\MiKTeX\tex/latex/fancyhdr\fancyhdr.sty
Package: fancyhdr 2021/01/28 v4.0.1 Extensive control of page headers and foote
rs
\f@nch@headwidth=\skip82
\f@nch@O@elh=\skip83
\f@nch@O@erh=\skip84
\f@nch@O@olh=\skip85
\f@nch@O@orh=\skip86
\f@nch@O@elf=\skip87
\f@nch@O@erf=\skip88
\f@nch@O@olf=\skip89
\f@nch@O@orf=\skip90
)
(C:\Users\bilai\AppData\Local\Programs\MiKTeX\tex/latex/natbib\natbib.sty
Package: natbib 2010/09/13 8.31b (PWD, AO)
\bibhang=\skip91
\bibsep=\skip92
LaTeX Info: Redefining \cite on input line 694.
\c@NAT@ctr=\count326
)
(C:\Users\bilai\AppData\Local\Programs\MiKTeX\tex/latex/tocloft\tocloft.sty
Package: tocloft 2017/08/31 v2.3i parameterised ToC, etc., typesetting
Package tocloft Info: The document has chapter divisions on input line 51.
\cftparskip=\skip93
\cftbeforetoctitleskip=\skip94
\cftaftertoctitleskip=\skip95
\cftbeforepartskip=\skip96
\cftpartnumwidth=\skip97
\cftpartindent=\skip98
\cftbeforechapskip=\skip99
\cftchapindent=\skip100
\cftchapnumwidth=\skip101
\cftbeforesecskip=\skip102
\cftsecindent=\skip103
\cftsecnumwidth=\skip104
\cftbeforesubsecskip=\skip105
\cftsubsecindent=\skip106
\cftsubsecnumwidth=\skip107
\cftbeforesubsubsecskip=\skip108
\cftsubsubsecindent=\skip109
\cftsubsubsecnumwidth=\skip110
\cftbeforeparaskip=\skip111
\cftparaindent=\skip112
\cftparanumwidth=\skip113
\cftbeforesubparaskip=\skip114
\cftsubparaindent=\skip115
\cftsubparanumwidth=\skip116
\cftbeforeloftitleskip=\skip117
\cftafterloftitleskip=\skip118
\cftbeforefigskip=\skip119
\cftfigindent=\skip120
\cftfignumwidth=\skip121
\c@lofdepth=\count327
\c@lotdepth=\count328
\cftbeforelottitleskip=\skip122
\cftafterlottitleskip=\skip123
\cftbeforetabskip=\skip124
\cfttabindent=\skip125
\cfttabnumwidth=\skip126
)
\@indexfile=\write4
\openout4 = `refman.idx'.


Writing index file refman.idx

(C:\Users\bilai\AppData\Local\Programs\MiKTeX\tex/latex/newunicodechar\newunico
dechar.sty
Package: newunicodechar 2018/04/08 v1.2 Defining Unicode characters
)

Package newunicodechar Warning: Redefining Unicode character on input line 118.



Package newunicodechar Warning: Redefining Unicode character on input line 119.


(C:\Users\bilai\AppData\Local\Programs\MiKTeX\tex/latex/caption\caption.sty
Package: caption 2020/10/26 v3.5g Customizing captions (AR)

(C:\Users\bilai\AppData\Local\Programs\MiKTeX\tex/latex/caption\caption3.sty
Package: caption3 2020/10/21 v2.2e caption3 kernel (AR)
\captionmargin=\dimen261
\captionmargin@=\dimen262
\captionwidth=\dimen263
\caption@tempdima=\dimen264
\caption@indent=\dimen265
\caption@parindent=\dimen266
\caption@hangindent=\dimen267
Package caption Info: Standard document class detected.
Package caption Info: french babel package is loaded.
)
\c@caption@flags=\count329
\c@continuedfloat=\count330
Package caption Info: float package is loaded.
Package caption Info: longtable package is loaded.

(C:\Users\bilai\AppData\Local\Programs\MiKTeX\tex/latex/caption\ltcaption.sty
Package: ltcaption 2020/05/30 v1.4b longtable captions (AR)
)) (C:\Users\bilai\AppData\Local\Programs\MiKTeX\tex/latex/etoc\etoc.sty
Package: etoc 2021/09/23 v1.09e Completely customisable TOCs (JFB)
\Etoc@toctoks=\toks36
\c@etoc@tocid=\count331
\c@etoc@tocdepth=\count332
\etoc@framed@titlebox=\box119
\etoc@framed@contentsbox=\box120
)
LaTeX Font Info:    Trying to load font information for T1+phv on input line 13
6.

(C:\Users\bilai\AppData\Local\Programs\MiKTeX\tex/latex/psnfss\t1phv.fd
File: t1phv.fd 2020/03/25 scalable font definitions for T1/phv.
)
LaTeX Font Info:    Font shape `T1/phv/m/n' will be
(Font)              scaled to size 8.99994pt on input line 136.

(C:\Users\bilai\AppData\Local\Programs\MiKTeX\tex/latex/l3backend\l3backend-pdf
tex.def
File: l3backend-pdftex.def 2021-10-18 L3 backend support: PDF output (pdfTeX)
\l__color_backend_stack_int=\count333
\l__pdf_internal_box=\box121
) (refman.aux)
\openout1 = `refman.aux'.

LaTeX Font Info:    Checking defaults for OML/cmm/m/it on input line 136.
LaTeX Font Info:    ... okay on input line 136.
LaTeX Font Info:    Checking defaults for OMS/cmsy/m/n on input line 136.
LaTeX Font Info:    ... okay on input line 136.
LaTeX Font Info:    Checking defaults for OT1/cmr/m/n on input line 136.
LaTeX Font Info:    ... okay on input line 136.
LaTeX Font Info:    Checking defaults for T1/cmr/m/n on input line 136.
LaTeX Font Info:    ... okay on input line 136.
LaTeX Font Info:    Checking defaults for TS1/cmr/m/n on input line 136.
LaTeX Font Info:    ... okay on input line 136.
LaTeX Font Info:    Checking defaults for OMX/cmex/m/n on input line 136.
LaTeX Font Info:    ... okay on input line 136.
LaTeX Font Info:    Checking defaults for U/cmr/m/n on input line 136.
LaTeX Font Info:    ... okay on input line 136.

(C:\Users\bilai\AppData\Local\Programs\MiKTeX\tex/context/base/mkii\supp-pdf.mk
ii
[Loading MPS to PDF converter (version 2006.09.02).]
\scratchcounter=\count334
\scratchdimen=\dimen268
\scratchbox=\box122
\nofMPsegments=\count335
\nofMParguments=\count336
\everyMPshowfont=\toks37
\MPscratchCnt=\count337
\MPscratchDim=\dimen269
\MPnumerator=\count338
\makeMPintoPDFobject=\count339
\everyMPtoPDFconversion=\toks38
)
(C:\Users\bilai\AppData\Local\Programs\MiKTeX\tex/latex/epstopdf-pkg\epstopdf-b
ase.sty
Package: epstopdf-base 2020-01-24 v2.11 Base part for package epstopdf
Package epstopdf-base Info: Redefining graphics rule for `.eps' on input line 4
85.

(C:\Users\bilai\AppData\Local\Programs\MiKTeX\tex/latex/00miktex\epstopdf-sys.c
fg
File: epstopdf-sys.cfg 2021/03/18 v2.0 Configuration of epstopdf for MiKTeX
))
LaTeX Info: Redefining \degres on input line 136.


Package french.ldf Warning: Please load the "natbib" package
(french.ldf)                BEFORE babel/french; reported on input line 136.

Package french.ldf Info: Setting StandardItemizeEnv=true for
(french.ldf)             compatibility with enumitem package,
(french.ldf)             reported on input line 136.
Package french.ldf Info: Setting StandardEnumerateEnv=true for
(french.ldf)             compatibility with enumitem package,
(french.ldf)             reported on input line 136.
LaTeX Info: Redefining \up on input line 136.
*geometry* driver: auto-detecting
*geometry* detected driver: pdftex
*geometry* verbose mode - [ preamble ] result:
* driver: pdftex
* paper: a4paper
* layout: <same size as paper>
* layoutoffset:(h,v)=(0.0pt,0.0pt)
* modes: twoside 
* h-part:(L,W,R)=(71.13188pt, 455.24411pt, 71.13188pt)
* v-part:(T,H,B)=(71.13188pt, 702.78308pt, 71.13188pt)
* \paperwidth=597.50787pt
* \paperheight=845.04684pt
* \textwidth=455.24411pt
* \textheight=702.78308pt
* \oddsidemargin=-1.1381pt
* \evensidemargin=-1.1381pt
* \topmargin=-31.2056pt
* \headheight=12.0pt
* \headsep=18.06749pt
* \topskip=10.0pt
* \footskip=25.29494pt
* \marginparwidth=125.0pt
* \marginparsep=7.0pt
* \columnsep=10.0pt
* \skip\footins=9.0pt plus 4.0pt minus 2.0pt
* \hoffset=0.0pt
* \voffset=0.0pt
* \mag=1000
* \@twocolumnfalse
* \@twosidetrue
* \@mparswitchtrue
* \@reversemarginfalse
* (1in=72.27pt=25.4mm, 1cm=28.453pt)

Package caption Info: Begin \AtBeginDocument code.
Package caption Info: End \AtBeginDocument code.
\Etoc@tf=\read5
LaTeX Font Info:    Font shape `T1/phv/m/n' will be
(Font)              scaled to size 12.9599pt on input line 143.
LaTeX Font Info:    Font shape `T1/phv/m/n' will be
(Font)              scaled to size 10.79993pt on input line 145.
[1


{C:/Users/bilai/AppData/Local/MiKTeX/fonts/map/pdftex/pdftex.map}] [2

]
\tf@toc=\write5
\openout5 = `refman.toc'.

LaTeX Font Info:    Font shape `T1/phv/b/n' will be
(Font)              scaled to size 8.99994pt on input line 151.
LaTeX Font Info:    Trying to load font information for U+msa on input line 151
.

(C:\Users\bilai\AppData\Local\Programs\MiKTeX\tex/latex/amsfonts\umsa.fd
File: umsa.fd 2013/01/14 v3.01 AMS symbols A
)
LaTeX Font Info:    Trying to load font information for U+msb on input line 151
.

(C:\Users\bilai\AppData\Local\Programs\MiKTeX\tex/latex/amsfonts\umsb.fd
File: umsb.fd 2013/01/14 v3.01 AMS symbols B
)
LaTeX Font Info:    Trying to load font information for U+wasy on input line 15
1.

(C:\Users\bilai\AppData\Local\Programs\MiKTeX\tex/latex/wasysym\uwasy.fd
File: uwasy.fd 2020/01/19 v2.4 Wasy-2 symbol font definitions
)
LaTeX Font Info:    Font shape `T1/phv/m/n' will be
(Font)              scaled to size 7.19995pt on input line 151.
LaTeX Font Info:    Trying to load font information for T1+pcr on input line 15
1.

(C:\Users\bilai\AppData\Local\Programs\MiKTeX\tex/latex/psnfss\t1pcr.fd
File: t1pcr.fd 2001/06/04 font definitions for T1/pcr.
)
LaTeX Font Info:    Font shape `T1/phv/m/n' will be
(Font)              scaled to size 6.29996pt on input line 151.
LaTeX Font Info:    Font shape `T1/phv/b/n' will be
(Font)              scaled to size 6.29996pt on input line 151.

[1] [2] [3] [4] [5] [6

]
Chapitre 1.
LaTeX Font Info:    Font shape `T1/phv/m/n' will be
(Font)              scaled to size 18.66588pt on input line 154.
LaTeX Font Info:    Font shape `T1/phv/b/n' will be
(Font)              scaled to size 18.66588pt on input line 154.
LaTeX Font Info:    Font shape `T1/phv/bc/n' will be
(Font)              scaled to size 18.66588pt on input line 154.
LaTeX Font Info:    Font shape `T1/phv/m/n' will be
(Font)              scaled to size 22.39185pt on input line 154.
LaTeX Font Info:    Font shape `T1/phv/b/n' will be
(Font)              scaled to size 22.39185pt on input line 154.
LaTeX Font Info:    Font shape `T1/phv/bc/n' will be
(Font)              scaled to size 22.39185pt on input line 154.
(hierarchy.tex
LaTeX Font Info:    Font shape `T1/phv/b/n' will be
(Font)              scaled to size 12.9599pt on input line 1.
LaTeX Font Info:    Trying to load font information for TS1+phv on input line 2
.

(C:\Users\bilai\AppData\Local\Programs\MiKTeX\tex/latex/psnfss\ts1phv.fd
File: ts1phv.fd 2020/03/25 scalable font definitions for TS1/phv.
)
LaTeX Font Info:    Font shape `TS1/phv/m/n' will be
(Font)              scaled to size 8.99994pt on input line 2.
)
[1

] [2

]
Chapitre 2.
(annotated.tex) [3] [4

]
Chapitre 3.
(files.tex) [5] [6

]
Chapitre 4.
(class_card.tex <./class_card__inherit__graph.pdf

pdfTeX warning: pdflatex (file ./class_card__inherit__graph.pdf): PDF inclusion
: multiple pdfs with page group included in a single page
>
<class_card__inherit__graph.pdf, id=51, 327.2225pt x 873.2625pt>
File: class_card__inherit__graph.pdf Graphic file (type pdf)
<use class_card__inherit__graph.pdf>
Package pdftex.def Info: class_card__inherit__graph.pdf  used on input line 13.

(pdftex.def)             Requested size: 206.09134pt x 550.0pt.
 [7] <./class_card__coll__graph.pdf

pdfTeX warning: pdflatex (file ./class_card__coll__graph.pdf): PDF inclusion: m
ultiple pdfs with page group included in a single page
>
<class_card__coll__graph.pdf, id=63, 226.8475pt x 580.1675pt>
File: class_card__coll__graph.pdf Graphic file (type pdf)
<use class_card__coll__graph.pdf>
Package pdftex.def Info: class_card__coll__graph.pdf  used on input line 22.
(pdftex.def)             Requested size: 215.0643pt x 550.0pt.
 [8]
LaTeX Font Info:    Font shape `T1/phv/b/n' will be
(Font)              scaled to size 10.79993pt on input line 25.
LaTeX Font Info:    Font shape `T1/phv/m/n' will be
(Font)              scaled to size 8.09995pt on input line 29.
LaTeX Font Info:    Font shape `T1/phv/m/it' in size <9> not available
(Font)              Font shape `T1/phv/m/sl' tried instead on input line 29.
LaTeX Font Info:    Font shape `T1/phv/m/sl' will be
(Font)              scaled to size 8.09995pt on input line 29.
LaTeX Font Info:    Font shape `TS1/phv/m/it' in size <9> not available
(Font)              Font shape `TS1/phv/m/sl' tried instead on input line 31.
LaTeX Font Info:    Font shape `TS1/phv/m/sl' will be
(Font)              scaled to size 8.09995pt on input line 31.
 [9]
LaTeX Font Info:    Font shape `T1/pcr/m/it' in size <8> not available
(Font)              Font shape `T1/pcr/m/sl' tried instead on input line 96.
LaTeX Font Info:    Font shape `T1/pcr/m/it' in size <7> not available
(Font)              Font shape `T1/pcr/m/sl' tried instead on input line 96.
 [10] <./class_card_a44a6e39af94936633332068bfc0941be_icgraph.pdf

pdfTeX warning: pdflatex (file ./class_card_a44a6e39af94936633332068bfc0941be_i
cgraph.pdf): PDF inclusion: multiple pdfs with page group included in a single 
page
>
<class_card_a44a6e39af94936633332068bfc0941be_icgraph.pdf, id=85, 298.11375pt x
 100.375pt>
File: class_card_a44a6e39af94936633332068bfc0941be_icgraph.pdf Graphic file (ty
pe pdf)
<use class_card_a44a6e39af94936633332068bfc0941be_icgraph.pdf>
Package pdftex.def Info: class_card_a44a6e39af94936633332068bfc0941be_icgraph.p
df  used on input line 148.
(pdftex.def)             Requested size: 297.0pt x 100.00562pt.

Underfull \hbox (badness 10000) detected at line 161
[][][]
 []

[11]
Underfull \hbox (badness 10000) detected at line 174
[][][]
 []

 <./class_card_ac1e191a9f676f6682fe9f402425602ef_cgraph.pdf>
<class_card_ac1e191a9f676f6682fe9f402425602ef_cgraph.pdf, id=99, 309.155pt x 10
0.375pt>
File: class_card_ac1e191a9f676f6682fe9f402425602ef_cgraph.pdf Graphic file (typ
e pdf)
<use class_card_ac1e191a9f676f6682fe9f402425602ef_cgraph.pdf>
Package pdftex.def Info: class_card_ac1e191a9f676f6682fe9f402425602ef_cgraph.pd
f  used on input line 181.
(pdftex.def)             Requested size: 308.0pt x 100.00868pt.

Underfull \hbox (badness 10000) detected at line 194
[][][]
 []


Underfull \hbox (badness 10000) detected at line 207
[][][]
 []

[12]
Underfull \hbox (badness 10000) detected at line 220
[][][]
 []

 <./class_card_a5a078756e3490cb59956bec8abab5494_icgraph.pdf>
<class_card_a5a078756e3490cb59956bec8abab5494_icgraph.pdf, id=111, 426.59375pt 
x 100.375pt>
File: class_card_a5a078756e3490cb59956bec8abab5494_icgraph.pdf Graphic file (ty
pe pdf)
<use class_card_a5a078756e3490cb59956bec8abab5494_icgraph.pdf>
Package pdftex.def Info: class_card_a5a078756e3490cb59956bec8abab5494_icgraph.p
df  used on input line 227.
(pdftex.def)             Requested size: 350.0pt x 82.35855pt.

Underfull \hbox (badness 10000) detected at line 240
[][][]
 []


Underfull \hbox (badness 10000) detected at line 259
[][][]
 []

 <./class_card_a2a55d1694a9292b2b46ab9a01fcf975f_cgraph.pdf

pdfTeX warning: pdflatex (file ./class_card_a2a55d1694a9292b2b46ab9a01fcf975f_c
graph.pdf): PDF inclusion: multiple pdfs with page group included in a single p
age
>
<class_card_a2a55d1694a9292b2b46ab9a01fcf975f_cgraph.pdf, id=119, 297.11pt x 10
0.375pt>
File: class_card_a2a55d1694a9292b2b46ab9a01fcf975f_cgraph.pdf Graphic file (typ
e pdf)
<use class_card_a2a55d1694a9292b2b46ab9a01fcf975f_cgraph.pdf>
Package pdftex.def Info: class_card_a2a55d1694a9292b2b46ab9a01fcf975f_cgraph.pd
f  used on input line 266.
(pdftex.def)             Requested size: 296.0pt x 100.00409pt.
 [13] <./class_card_a2a55d1694a9292b2b46ab9a01fcf975f_icgraph.pdf>
<class_card_a2a55d1694a9292b2b46ab9a01fcf975f_icgraph.pdf, id=131, 336.25626pt 
x 138.5175pt>
File: class_card_a2a55d1694a9292b2b46ab9a01fcf975f_icgraph.pdf Graphic file (ty
pe pdf)
<use class_card_a2a55d1694a9292b2b46ab9a01fcf975f_icgraph.pdf>
Package pdftex.def Info: class_card_a2a55d1694a9292b2b46ab9a01fcf975f_icgraph.p
df  used on input line 273.
(pdftex.def)             Requested size: 335.0pt x 138.00142pt.
LaTeX Font Info:    Font shape `T1/phv/b/n' will be
(Font)              scaled to size 7.19995pt on input line 279.
 <./class_card_a50cb7f8100fb16db6e4de406d7e5af05_cgraph.pdf

pdfTeX warning: pdflatex (file ./class_card_a50cb7f8100fb16db6e4de406d7e5af05_c
graph.pdf): PDF inclusion: multiple pdfs with page group included in a single p
age
>
<class_card_a50cb7f8100fb16db6e4de406d7e5af05_cgraph.pdf, id=139, 255.95625pt x
 100.375pt>
File: class_card_a50cb7f8100fb16db6e4de406d7e5af05_cgraph.pdf Graphic file (typ
e pdf)
<use class_card_a50cb7f8100fb16db6e4de406d7e5af05_cgraph.pdf>
Package pdftex.def Info: class_card_a50cb7f8100fb16db6e4de406d7e5af05_cgraph.pd
f  used on input line 294.
(pdftex.def)             Requested size: 255.0pt x 99.9995pt.
 <./class_card_a50cb7f8100fb16db6e4de406d7e5af05_icgraph.pdf

pdfTeX warning: pdflatex (file ./class_card_a50cb7f8100fb16db6e4de406d7e5af05_i
cgraph.pdf): PDF inclusion: multiple pdfs with page group included in a single 
page
>
<class_card_a50cb7f8100fb16db6e4de406d7e5af05_icgraph.pdf, id=147, 295.1025pt x
 138.5175pt>
File: class_card_a50cb7f8100fb16db6e4de406d7e5af05_icgraph.pdf Graphic file (ty
pe pdf)
<use class_card_a50cb7f8100fb16db6e4de406d7e5af05_icgraph.pdf>
Package pdftex.def Info: class_card_a50cb7f8100fb16db6e4de406d7e5af05_icgraph.p
df  used on input line 301.
(pdftex.def)             Requested size: 294.0pt x 138.00354pt.
 [14] <./class_card_ab6d4bf92eefe79fdebb8cd6ff4062c8f_cgraph.pdf>
<class_card_ab6d4bf92eefe79fdebb8cd6ff4062c8f_cgraph.pdf, id=160, 274.02374pt x
 100.375pt>
File: class_card_ab6d4bf92eefe79fdebb8cd6ff4062c8f_cgraph.pdf Graphic file (typ
e pdf)
<use class_card_ab6d4bf92eefe79fdebb8cd6ff4062c8f_cgraph.pdf>
Package pdftex.def Info: class_card_ab6d4bf92eefe79fdebb8cd6ff4062c8f_cgraph.pd
f  used on input line 333.
(pdftex.def)             Requested size: 273.0pt x 100.00716pt.
 [15]
Overfull \vbox (9.11533pt too high) has occurred while \output is active []


[16]
Underfull \hbox (badness 10000) in paragraph at lines 409--410
[]\T1/pcr/m/n/8 std[]::vector$\OML/cmm/m/it/8 <$ \T1/pcr/m/n/8 std[]::string $\
OML/cmm/m/it/8 >$ \T1/pcr/m/n/8 Card[]::[]Color[]Code = {"green","blue","red","
yellow","black","white"}
 []

) (class_creature_card.tex <./class_creature_card__inherit__graph.pdf

pdfTeX warning: pdflatex (file ./class_creature_card__inherit__graph.pdf): PDF 
inclusion: multiple pdfs with page group included in a single page
>
<class_creature_card__inherit__graph.pdf, id=175, 226.8475pt x 873.2625pt>
File: class_creature_card__inherit__graph.pdf Graphic file (type pdf)
<use class_creature_card__inherit__graph.pdf>
Package pdftex.def Info: class_creature_card__inherit__graph.pdf  used on input
 line 13.
(pdftex.def)             Requested size: 142.87314pt x 550.0pt.
 [17] <./class_creature_card__coll__graph.pdf

pdfTeX warning: pdflatex (file ./class_creature_card__coll__graph.pdf): PDF inc
lusion: multiple pdfs with page group included in a single page
>
<class_creature_card__coll__graph.pdf, id=187, 226.8475pt x 873.2625pt>
File: class_creature_card__coll__graph.pdf Graphic file (type pdf)
<use class_creature_card__coll__graph.pdf>
Package pdftex.def Info: class_creature_card__coll__graph.pdf  used on input li
ne 22.
(pdftex.def)             Requested size: 142.87314pt x 550.0pt.
 [18] [19] [20] <./class_creature_card_af60802e4cf9f07e3e05330c5b774bdb0_cgraph
.pdf

pdfTeX warning: pdflatex (file ./class_creature_card_af60802e4cf9f07e3e05330c5b
774bdb0_cgraph.pdf): PDF inclusion: multiple pdfs with page group included in a
 single page
>
<class_creature_card_af60802e4cf9f07e3e05330c5b774bdb0_cgraph.pdf, id=206, 298.
11375pt x 100.375pt>
File: class_creature_card_af60802e4cf9f07e3e05330c5b774bdb0_cgraph.pdf Graphic 
file (type pdf)
<use class_creature_card_af60802e4cf9f07e3e05330c5b774bdb0_cgraph.pdf>
Package pdftex.def Info: class_creature_card_af60802e4cf9f07e3e05330c5b774bdb0_
cgraph.pdf  used on input line 99.
(pdftex.def)             Requested size: 297.0pt x 100.00562pt.

Underfull \hbox (badness 10000) detected at line 112
[][][]
 []


Underfull \hbox (badness 10000) detected at line 125
[][][]
 []


Underfull \hbox (badness 10000) detected at line 144
[][][]
 []

[21] <./class_creature_card_a74c0d3710cac9fd4bd33d125f762fe7b_cgraph.pdf>
<class_creature_card_a74c0d3710cac9fd4bd33d125f762fe7b_cgraph.pdf, id=218, 431.
6125pt x 119.44624pt>
File: class_creature_card_a74c0d3710cac9fd4bd33d125f762fe7b_cgraph.pdf Graphic 
file (type pdf)
<use class_creature_card_a74c0d3710cac9fd4bd33d125f762fe7b_cgraph.pdf>
Package pdftex.def Info: class_creature_card_a74c0d3710cac9fd4bd33d125f762fe7b_
cgraph.pdf  used on input line 165.
(pdftex.def)             Requested size: 350.0pt x 96.8639pt.
 <./class_creature_card_ae497df8f788c28bd962ae95dda29450f_cgraph.pdf

pdfTeX warning: pdflatex (file ./class_creature_card_ae497df8f788c28bd962ae95dd
a29450f_cgraph.pdf): PDF inclusion: multiple pdfs with page group included in a
 single page
>
<class_creature_card_ae497df8f788c28bd962ae95dda29450f_cgraph.pdf, id=226, 449.
68pt x 119.44624pt>
File: class_creature_card_ae497df8f788c28bd962ae95dda29450f_cgraph.pdf Graphic 
file (type pdf)
<use class_creature_card_ae497df8f788c28bd962ae95dda29450f_cgraph.pdf>
Package pdftex.def Info: class_creature_card_ae497df8f788c28bd962ae95dda29450f_
cgraph.pdf  used on input line 191.
(pdftex.def)             Requested size: 350.0pt x 92.97266pt.
 [22] [23]) (class_deck.tex <./class_deck__coll__graph.pdf>
<class_deck__coll__graph.pdf, id=243, 227.85126pt x 414.54875pt>
File: class_deck__coll__graph.pdf Graphic file (type pdf)
<use class_deck__coll__graph.pdf>
Package pdftex.def Info: class_deck__coll__graph.pdf  used on input line 13.
(pdftex.def)             Requested size: 227.0pt x 413.01062pt.
 [24] [25] <./class_deck_a57ae1cb4ac6fd61c249cefb2db85eb99_cgraph.pdf>
<class_deck_a57ae1cb4ac6fd61c249cefb2db85eb99_cgraph.pdf, id=258, 315.1775pt x 
138.5175pt>
File: class_deck_a57ae1cb4ac6fd61c249cefb2db85eb99_cgraph.pdf Graphic file (typ
e pdf)
<use class_deck_a57ae1cb4ac6fd61c249cefb2db85eb99_cgraph.pdf>
Package pdftex.def Info: class_deck_a57ae1cb4ac6fd61c249cefb2db85eb99_cgraph.pd
f  used on input line 80.
(pdftex.def)             Requested size: 314.0pt x 138.00777pt.
 [26] <./class_deck_a424bb7c52fbe40c047ef2f54ad0afadf_cgraph.pdf>
<class_deck_a424bb7c52fbe40c047ef2f54ad0afadf_cgraph.pdf, id=270, 283.0575pt x 
100.375pt>
File: class_deck_a424bb7c52fbe40c047ef2f54ad0afadf_cgraph.pdf Graphic file (typ
e pdf)
<use class_deck_a424bb7c52fbe40c047ef2f54ad0afadf_cgraph.pdf>
Package pdftex.def Info: class_deck_a424bb7c52fbe40c047ef2f54ad0afadf_cgraph.pd
f  used on input line 102.
(pdftex.def)             Requested size: 282.0pt x 100.00868pt.
 <./class_deck_ab1272e1dfafff2faa3bc7890dc31dc4b_icgraph.pdf

pdfTeX warning: pdflatex (file ./class_deck_ab1272e1dfafff2faa3bc7890dc31dc4b_i
cgraph.pdf): PDF inclusion: multiple pdfs with page group included in a single 
page
>
<class_deck_ab1272e1dfafff2faa3bc7890dc31dc4b_icgraph.pdf, id=278, 316.18124pt 
x 100.375pt>
File: class_deck_ab1272e1dfafff2faa3bc7890dc31dc4b_icgraph.pdf Graphic file (ty
pe pdf)
<use class_deck_ab1272e1dfafff2faa3bc7890dc31dc4b_icgraph.pdf>
Package pdftex.def Info: class_deck_ab1272e1dfafff2faa3bc7890dc31dc4b_icgraph.p
df  used on input line 133.
(pdftex.def)             Requested size: 315.0pt x 100.00716pt.
 [27] <./class_deck_a6c2cab6b4c3c69c01c80f50441d2173a_icgraph.pdf>
<class_deck_a6c2cab6b4c3c69c01c80f50441d2173a_icgraph.pdf, id=290, 556.0775pt x
 100.375pt>
File: class_deck_a6c2cab6b4c3c69c01c80f50441d2173a_icgraph.pdf Graphic file (ty
pe pdf)
<use class_deck_a6c2cab6b4c3c69c01c80f50441d2173a_icgraph.pdf>
Package pdftex.def Info: class_deck_a6c2cab6b4c3c69c01c80f50441d2173a_icgraph.p
df  used on input line 150.
(pdftex.def)             Requested size: 350.0pt x 63.17838pt.

Underfull \hbox (badness 10000) detected at line 163
[][][]
 []

 <./class_deck_a805e486ea52b3d84349aa9ec1edc1cad_icgraph.pdf

pdfTeX warning: pdflatex (file ./class_deck_a805e486ea52b3d84349aa9ec1edc1cad_i
cgraph.pdf): PDF inclusion: multiple pdfs with page group included in a single 
page
>
<class_deck_a805e486ea52b3d84349aa9ec1edc1cad_icgraph.pdf, id=298, 497.86pt x 1
00.375pt>
File: class_deck_a805e486ea52b3d84349aa9ec1edc1cad_icgraph.pdf Graphic file (ty
pe pdf)
<use class_deck_a805e486ea52b3d84349aa9ec1edc1cad_icgraph.pdf>
Package pdftex.def Info: class_deck_a805e486ea52b3d84349aa9ec1edc1cad_icgraph.p
df  used on input line 170.
(pdftex.def)             Requested size: 350.0pt x 70.56526pt.

Underfull \hbox (badness 10000) detected at line 193
[][][]
 []

 <./class_deck_a2cfc780efb6b9e6efd395fdad1dfd1a5_icgraph.pdf

pdfTeX warning: pdflatex (file ./class_deck_a2cfc780efb6b9e6efd395fdad1dfd1a5_i
cgraph.pdf): PDF inclusion: multiple pdfs with page group included in a single 
page
>
<class_deck_a2cfc780efb6b9e6efd395fdad1dfd1a5_icgraph.pdf, id=306, 348.30125pt 
x 100.375pt>
File: class_deck_a2cfc780efb6b9e6efd395fdad1dfd1a5_icgraph.pdf Graphic file (ty
pe pdf)
<use class_deck_a2cfc780efb6b9e6efd395fdad1dfd1a5_icgraph.pdf>
Package pdftex.def Info: class_deck_a2cfc780efb6b9e6efd395fdad1dfd1a5_icgraph.p
df  used on input line 200.
(pdftex.def)             Requested size: 347.0pt x 100.00409pt.
 [28]
Underfull \hbox (badness 10000) detected at line 213
[][][]
 []

 <./class_deck_ab00df76c200dc9fbc2e2cde423d3a488_icgraph.pdf>
<class_deck_ab00df76c200dc9fbc2e2cde423d3a488_icgraph.pdf, id=318, 361.35pt x 1
00.375pt>
File: class_deck_ab00df76c200dc9fbc2e2cde423d3a488_icgraph.pdf Graphic file (ty
pe pdf)
<use class_deck_ab00df76c200dc9fbc2e2cde423d3a488_icgraph.pdf>
Package pdftex.def Info: class_deck_ab00df76c200dc9fbc2e2cde423d3a488_icgraph.p
df  used on input line 220.
(pdftex.def)             Requested size: 350.0pt x 97.2227pt.

Underfull \hbox (badness 10000) detected at line 233
[][][]
 []

 <./class_deck_a3b518ce89c61a12a8f42f02dfabe2053_cgraph.pdf

pdfTeX warning: pdflatex (file ./class_deck_a3b518ce89c61a12a8f42f02dfabe2053_c
graph.pdf): PDF inclusion: multiple pdfs with page group included in a single p
age
>
<class_deck_a3b518ce89c61a12a8f42f02dfabe2053_cgraph.pdf, id=326, 292.09125pt x
 100.375pt>
File: class_deck_a3b518ce89c61a12a8f42f02dfabe2053_cgraph.pdf Graphic file (typ
e pdf)
<use class_deck_a3b518ce89c61a12a8f42f02dfabe2053_cgraph.pdf>
Package pdftex.def Info: class_deck_a3b518ce89c61a12a8f42f02dfabe2053_cgraph.pd
f  used on input line 240.
(pdftex.def)             Requested size: 291.0pt x 100.00868pt.
 [29] <./class_deck_a3b518ce89c61a12a8f42f02dfabe2053_icgraph.pdf>
<class_deck_a3b518ce89c61a12a8f42f02dfabe2053_icgraph.pdf, id=339, 366.36874pt 
x 100.375pt>
File: class_deck_a3b518ce89c61a12a8f42f02dfabe2053_icgraph.pdf Graphic file (ty
pe pdf)
<use class_deck_a3b518ce89c61a12a8f42f02dfabe2053_icgraph.pdf>
Package pdftex.def Info: class_deck_a3b518ce89c61a12a8f42f02dfabe2053_icgraph.p
df  used on input line 247.
(pdftex.def)             Requested size: 350.0pt x 95.89635pt.
 <./class_deck_a23253b2e54d517a8798e034c6910e3a6_icgraph.pdf

pdfTeX warning: pdflatex (file ./class_deck_a23253b2e54d517a8798e034c6910e3a6_i
cgraph.pdf): PDF inclusion: multiple pdfs with page group included in a single 
page
>
<class_deck_a23253b2e54d517a8798e034c6910e3a6_icgraph.pdf, id=347, 283.0575pt x
 100.375pt>
File: class_deck_a23253b2e54d517a8798e034c6910e3a6_icgraph.pdf Graphic file (ty
pe pdf)
<use class_deck_a23253b2e54d517a8798e034c6910e3a6_icgraph.pdf>
Package pdftex.def Info: class_deck_a23253b2e54d517a8798e034c6910e3a6_icgraph.p
df  used on input line 269.
(pdftex.def)             Requested size: 282.0pt x 100.00868pt.
 [30] <./class_deck_acec615e3dbd2c22200f74b61d95ddac4_cgraph.pdf>
<class_deck_acec615e3dbd2c22200f74b61d95ddac4_cgraph.pdf, id=359, 301.125pt x 1
38.5175pt>
File: class_deck_acec615e3dbd2c22200f74b61d95ddac4_cgraph.pdf Graphic file (typ
e pdf)
<use class_deck_acec615e3dbd2c22200f74b61d95ddac4_cgraph.pdf>
Package pdftex.def Info: class_deck_acec615e3dbd2c22200f74b61d95ddac4_cgraph.pd
f  used on input line 291.
(pdftex.def)             Requested size: 300.0pt x 138.012pt.
 <./class_deck_acec615e3dbd2c22200f74b61d95ddac4_icgraph.pdf

pdfTeX warning: pdflatex (file ./class_deck_acec615e3dbd2c22200f74b61d95ddac4_i
cgraph.pdf): PDF inclusion: multiple pdfs with page group included in a single 
page
>
<class_deck_acec615e3dbd2c22200f74b61d95ddac4_icgraph.pdf, id=367, 289.08pt x 1
00.375pt>
File: class_deck_acec615e3dbd2c22200f74b61d95ddac4_icgraph.pdf Graphic file (ty
pe pdf)
<use class_deck_acec615e3dbd2c22200f74b61d95ddac4_icgraph.pdf>
Package pdftex.def Info: class_deck_acec615e3dbd2c22200f74b61d95ddac4_icgraph.p
df  used on input line 298.
(pdftex.def)             Requested size: 288.0pt x 100.00562pt.
 [31] <./class_deck_afcd4725f1ada242414bde58dae273bba_cgraph.pdf>
<class_deck_afcd4725f1ada242414bde58dae273bba_cgraph.pdf, id=379, 408.52625pt x
 100.375pt>
File: class_deck_afcd4725f1ada242414bde58dae273bba_cgraph.pdf Graphic file (typ
e pdf)
<use class_deck_afcd4725f1ada242414bde58dae273bba_cgraph.pdf>
Package pdftex.def Info: class_deck_afcd4725f1ada242414bde58dae273bba_cgraph.pd
f  used on input line 315.
(pdftex.def)             Requested size: 350.0pt x 85.99916pt.
 <./class_deck_ac6cc6ebfea343b238ccbcef810dc8243_cgraph.pdf

pdfTeX warning: pdflatex (file ./class_deck_ac6cc6ebfea343b238ccbcef810dc8243_c
graph.pdf): PDF inclusion: multiple pdfs with page group included in a single p
age
>
<class_deck_ac6cc6ebfea343b238ccbcef810dc8243_cgraph.pdf, id=387, 385.44pt x 10
0.375pt>
File: class_deck_ac6cc6ebfea343b238ccbcef810dc8243_cgraph.pdf Graphic file (typ
e pdf)
<use class_deck_ac6cc6ebfea343b238ccbcef810dc8243_cgraph.pdf>
Package pdftex.def Info: class_deck_ac6cc6ebfea343b238ccbcef810dc8243_cgraph.pd
f  used on input line 332.
(pdftex.def)             Requested size: 350.0pt x 91.14532pt.
 [32]) (class_game.tex <./class_game__coll__graph.pdf>
<class_game__coll__graph.pdf, id=399, 230.8625pt x 923.45pt>
File: class_game__coll__graph.pdf Graphic file (type pdf)
<use class_game__coll__graph.pdf>
Package pdftex.def Info: class_game__coll__graph.pdf  used on input line 13.
(pdftex.def)             Requested size: 137.5005pt x 550.0pt.
 [33] [34] <./class_game_a9a705e31bcc5c3d5778e3136ccc15489_cgraph.pdf>
<class_game_a9a705e31bcc5c3d5778e3136ccc15489_cgraph.pdf, id=414, 483.8075pt x 
367.3725pt>
File: class_game_a9a705e31bcc5c3d5778e3136ccc15489_cgraph.pdf Graphic file (typ
e pdf)
<use class_game_a9a705e31bcc5c3d5778e3136ccc15489_cgraph.pdf>
Package pdftex.def Info: class_game_a9a705e31bcc5c3d5778e3136ccc15489_cgraph.pd
f  used on input line 65.
(pdftex.def)             Requested size: 350.0pt x 265.78046pt.
 <./class_game_a9a705e31bcc5c3d5778e3136ccc15489_icgraph.pdf

pdfTeX warning: pdflatex (file ./class_game_a9a705e31bcc5c3d5778e3136ccc15489_i
cgraph.pdf): PDF inclusion: multiple pdfs with page group included in a single 
page
>
<class_game_a9a705e31bcc5c3d5778e3136ccc15489_icgraph.pdf, id=422, 247.92625pt 
x 100.375pt>
File: class_game_a9a705e31bcc5c3d5778e3136ccc15489_icgraph.pdf Graphic file (ty
pe pdf)
<use class_game_a9a705e31bcc5c3d5778e3136ccc15489_icgraph.pdf>
Package pdftex.def Info: class_game_a9a705e31bcc5c3d5778e3136ccc15489_icgraph.p
df  used on input line 72.
(pdftex.def)             Requested size: 247.0pt x 100.00102pt.
 [35]) (class_game_cards.tex <./class_game_cards__coll__graph.pdf>
<class_game_cards__coll__graph.pdf, id=435, 240.9pt x 182.6825pt>
File: class_game_cards__coll__graph.pdf Graphic file (type pdf)
<use class_game_cards__coll__graph.pdf>
Package pdftex.def Info: class_game_cards__coll__graph.pdf  used on input line 
13.
(pdftex.def)             Requested size: 240.0pt x 182.00467pt.
 [36] <./class_game_cards_a596d9655f13e0eb9f51a26cd6306584c_icgraph.pdf>
<class_game_cards_a596d9655f13e0eb9f51a26cd6306584c_icgraph.pdf, id=447, 315.17
75pt x 100.375pt>
File: class_game_cards_a596d9655f13e0eb9f51a26cd6306584c_icgraph.pdf Graphic fi
le (type pdf)
<use class_game_cards_a596d9655f13e0eb9f51a26cd6306584c_icgraph.pdf>
Package pdftex.def Info: class_game_cards_a596d9655f13e0eb9f51a26cd6306584c_icg
raph.pdf  used on input line 51.
(pdftex.def)             Requested size: 314.0pt x 100.00562pt.
 [37] <./class_game_cards_acfff5e5295f7025feea27d99a3720b32_icgraph.pdf>
<class_game_cards_acfff5e5295f7025feea27d99a3720b32_icgraph.pdf, id=459, 299.11
75pt x 100.375pt>
File: class_game_cards_acfff5e5295f7025feea27d99a3720b32_icgraph.pdf Graphic fi
le (type pdf)
<use class_game_cards_acfff5e5295f7025feea27d99a3720b32_icgraph.pdf>
Package pdftex.def Info: class_game_cards_acfff5e5295f7025feea27d99a3720b32_icg
raph.pdf  used on input line 64.
(pdftex.def)             Requested size: 298.0pt x 100.00716pt.
) (class_land_card.tex <./class_land_card__inherit__graph.pdf

pdfTeX warning: pdflatex (file ./class_land_card__inherit__graph.pdf): PDF incl
usion: multiple pdfs with page group included in a single page
>
<class_land_card__inherit__graph.pdf, id=467, 226.8475pt x 729.72626pt>
File: class_land_card__inherit__graph.pdf Graphic file (type pdf)
<use class_land_card__inherit__graph.pdf>
Package pdftex.def Info: class_land_card__inherit__graph.pdf  used on input lin
e 13.
(pdftex.def)             Requested size: 170.98325pt x 550.0pt.
 [38] <./class_land_card__coll__graph.pdf>
<class_land_card__coll__graph.pdf, id=479, 226.8475pt x 729.72626pt>
File: class_land_card__coll__graph.pdf Graphic file (type pdf)
<use class_land_card__coll__graph.pdf>
Package pdftex.def Info: class_land_card__coll__graph.pdf  used on input line 2
2.
(pdftex.def)             Requested size: 170.98325pt x 550.0pt.
 [39] [40] <./class_land_card_afdb5c3e69662aecf838f6b1a29623eaf_cgraph.pdf>
<class_land_card_afdb5c3e69662aecf838f6b1a29623eaf_cgraph.pdf, id=495, 277.035p
t x 100.375pt>
File: class_land_card_afdb5c3e69662aecf838f6b1a29623eaf_cgraph.pdf Graphic file
 (type pdf)
<use class_land_card_afdb5c3e69662aecf838f6b1a29623eaf_cgraph.pdf>
Package pdftex.def Info: class_land_card_afdb5c3e69662aecf838f6b1a29623eaf_cgra
ph.pdf  used on input line 84.
(pdftex.def)             Requested size: 276.0pt x 100.00102pt.
 [41] <./class_land_card_a03c634b8e1410f1e8835f583423fe8e3_cgraph.pdf>
<class_land_card_a03c634b8e1410f1e8835f583423fe8e3_cgraph.pdf, id=508, 295.1025
pt x 100.375pt>
File: class_land_card_a03c634b8e1410f1e8835f583423fe8e3_cgraph.pdf Graphic file
 (type pdf)
<use class_land_card_a03c634b8e1410f1e8835f583423fe8e3_cgraph.pdf>
Package pdftex.def Info: class_land_card_a03c634b8e1410f1e8835f583423fe8e3_cgra
ph.pdf  used on input line 110.
(pdftex.def)             Requested size: 294.0pt x 100.00255pt.
) (class_player.tex <./class_player__coll__graph.pdf

pdfTeX warning: pdflatex (file ./class_player__coll__graph.pdf): PDF inclusion:
 multiple pdfs with page group included in a single page
>
<class_player__coll__graph.pdf, id=516, 230.8625pt x 762.85pt>
File: class_player__coll__graph.pdf Graphic file (type pdf)
<use class_player__coll__graph.pdf>
Package pdftex.def Info: class_player__coll__graph.pdf  used on input line 13.
(pdftex.def)             Requested size: 166.45335pt x 550.0pt.
 [42] [43] [44] <./class_player_a3d6549590fb8e154951c873d6bfb412e_cgraph.pdf

pdfTeX warning: pdflatex (file ./class_player_a3d6549590fb8e154951c873d6bfb412e
_cgraph.pdf): PDF inclusion: multiple pdfs with page group included in a single
 page
>
<class_player_a3d6549590fb8e154951c873d6bfb412e_cgraph.pdf, id=535, 316.18124pt
 x 100.375pt>
File: class_player_a3d6549590fb8e154951c873d6bfb412e_cgraph.pdf Graphic file (t
ype pdf)
<use class_player_a3d6549590fb8e154951c873d6bfb412e_cgraph.pdf>
Package pdftex.def Info: class_player_a3d6549590fb8e154951c873d6bfb412e_cgraph.
pdf  used on input line 106.
(pdftex.def)             Requested size: 315.0pt x 100.00716pt.
 <./class_player_aa87746929fad46316b1452dd0d9b2b36_cgraph.pdf

pdfTeX warning: pdflatex (file ./class_player_aa87746929fad46316b1452dd0d9b2b36
_cgraph.pdf): PDF inclusion: multiple pdfs with page group included in a single
 page
>
<class_player_aa87746929fad46316b1452dd0d9b2b36_cgraph.pdf, id=543, 352.31625pt
 x 100.375pt>
File: class_player_aa87746929fad46316b1452dd0d9b2b36_cgraph.pdf Graphic file (t
ype pdf)
<use class_player_aa87746929fad46316b1452dd0d9b2b36_cgraph.pdf>
Package pdftex.def Info: class_player_aa87746929fad46316b1452dd0d9b2b36_cgraph.
pdf  used on input line 123.
(pdftex.def)             Requested size: 350.0pt x 99.71461pt.
 <./class_player_aa87746929fad46316b1452dd0d9b2b36_icgraph.pdf

pdfTeX warning: pdflatex (file ./class_player_aa87746929fad46316b1452dd0d9b2b36
_icgraph.pdf): PDF inclusion: multiple pdfs with page group included in a singl
e page
>
<class_player_aa87746929fad46316b1452dd0d9b2b36_icgraph.pdf, id=551, 404.51125p
t x 100.375pt>
File: class_player_aa87746929fad46316b1452dd0d9b2b36_icgraph.pdf Graphic file (
type pdf)
<use class_player_aa87746929fad46316b1452dd0d9b2b36_icgraph.pdf>
Package pdftex.def Info: class_player_aa87746929fad46316b1452dd0d9b2b36_icgraph
.pdf  used on input line 130.
(pdftex.def)             Requested size: 350.0pt x 86.85074pt.
 [45]
Underfull \hbox (badness 10000) detected at line 143
[][][]
 []

 <./class_player_a3b9eb955669297073700bc13b27d27ff_cgraph.pdf>
<class_player_a3b9eb955669297073700bc13b27d27ff_cgraph.pdf, id=563, 294.09875pt
 x 100.375pt>
File: class_player_a3b9eb955669297073700bc13b27d27ff_cgraph.pdf Graphic file (t
ype pdf)
<use class_player_a3b9eb955669297073700bc13b27d27ff_cgraph.pdf>
Package pdftex.def Info: class_player_a3b9eb955669297073700bc13b27d27ff_cgraph.
pdf  used on input line 150.
(pdftex.def)             Requested size: 293.0pt x 100.00102pt.
 <./class_player_a3b9eb955669297073700bc13b27d27ff_icgraph.pdf

pdfTeX warning: pdflatex (file ./class_player_a3b9eb955669297073700bc13b27d27ff
_icgraph.pdf): PDF inclusion: multiple pdfs with page group included in a singl
e page
>
<class_player_a3b9eb955669297073700bc13b27d27ff_icgraph.pdf, id=571, 375.4025pt
 x 100.375pt>
File: class_player_a3b9eb955669297073700bc13b27d27ff_icgraph.pdf Graphic file (
type pdf)
<use class_player_a3b9eb955669297073700bc13b27d27ff_icgraph.pdf>
Package pdftex.def Info: class_player_a3b9eb955669297073700bc13b27d27ff_icgraph
.pdf  used on input line 157.
(pdftex.def)             Requested size: 350.0pt x 93.58823pt.

Underfull \hbox (badness 10000) detected at line 170
[][][]
 []

 <./class_player_a8c12eeee6d1b4718dd61ebf21750ae30_cgraph.pdf

pdfTeX warning: pdflatex (file ./class_player_a8c12eeee6d1b4718dd61ebf21750ae30
_cgraph.pdf): PDF inclusion: multiple pdfs with page group included in a single
 page
>
<class_player_a8c12eeee6d1b4718dd61ebf21750ae30_cgraph.pdf, id=579, 348.30125pt
 x 100.375pt>
File: class_player_a8c12eeee6d1b4718dd61ebf21750ae30_cgraph.pdf Graphic file (t
ype pdf)
<use class_player_a8c12eeee6d1b4718dd61ebf21750ae30_cgraph.pdf>
Package pdftex.def Info: class_player_a8c12eeee6d1b4718dd61ebf21750ae30_cgraph.
pdf  used on input line 177.
(pdftex.def)             Requested size: 347.0pt x 100.00409pt.
 [46] <./class_player_a13c963d763eca10e5527e14f6aa10393_cgraph.pdf>
<class_player_a13c963d763eca10e5527e14f6aa10393_cgraph.pdf, id=591, 316.18124pt
 x 100.375pt>
File: class_player_a13c963d763eca10e5527e14f6aa10393_cgraph.pdf Graphic file (t
ype pdf)
<use class_player_a13c963d763eca10e5527e14f6aa10393_cgraph.pdf>
Package pdftex.def Info: class_player_a13c963d763eca10e5527e14f6aa10393_cgraph.
pdf  used on input line 190.
(pdftex.def)             Requested size: 315.0pt x 100.00716pt.
 <./class_player_a13c963d763eca10e5527e14f6aa10393_icgraph.pdf

pdfTeX warning: pdflatex (file ./class_player_a13c963d763eca10e5527e14f6aa10393
_icgraph.pdf): PDF inclusion: multiple pdfs with page group included in a singl
e page
>
<class_player_a13c963d763eca10e5527e14f6aa10393_icgraph.pdf, id=599, 406.51875p
t x 100.375pt>
File: class_player_a13c963d763eca10e5527e14f6aa10393_icgraph.pdf Graphic file (
type pdf)
<use class_player_a13c963d763eca10e5527e14f6aa10393_icgraph.pdf>
Package pdftex.def Info: class_player_a13c963d763eca10e5527e14f6aa10393_icgraph
.pdf  used on input line 197.
(pdftex.def)             Requested size: 350.0pt x 86.42342pt.
 [47]
Underfull \hbox (badness 10000) detected at line 210
[][][]
 []

 <./class_player_aabe0a76c0767e94328d75a32963b4de6_cgraph.pdf>
<class_player_aabe0a76c0767e94328d75a32963b4de6_cgraph.pdf, id=612, 361.35pt x 
100.375pt>
File: class_player_aabe0a76c0767e94328d75a32963b4de6_cgraph.pdf Graphic file (t
ype pdf)
<use class_player_aabe0a76c0767e94328d75a32963b4de6_cgraph.pdf>
Package pdftex.def Info: class_player_aabe0a76c0767e94328d75a32963b4de6_cgraph.
pdf  used on input line 217.
(pdftex.def)             Requested size: 350.0pt x 97.2227pt.

Underfull \hbox (badness 10000) detected at line 230
[][][]
 []

 <./class_player_aa6479f194f9bb44b09adaf3b04a5594d_icgraph.pdf

pdfTeX warning: pdflatex (file ./class_player_aa6479f194f9bb44b09adaf3b04a5594d
_icgraph.pdf): PDF inclusion: multiple pdfs with page group included in a singl
e page
>
<class_player_aa6479f194f9bb44b09adaf3b04a5594d_icgraph.pdf, id=620, 360.34625p
t x 100.375pt>
File: class_player_aa6479f194f9bb44b09adaf3b04a5594d_icgraph.pdf Graphic file (
type pdf)
<use class_player_aa6479f194f9bb44b09adaf3b04a5594d_icgraph.pdf>
Package pdftex.def Info: class_player_aa6479f194f9bb44b09adaf3b04a5594d_icgraph
.pdf  used on input line 237.
(pdftex.def)             Requested size: 350.0pt x 97.49226pt.

Underfull \hbox (badness 10000) detected at line 250
[][][]
 []

 <./class_player_af1aa472885d589516f483e26e786600e_icgraph.pdf

pdfTeX warning: pdflatex (file ./class_player_af1aa472885d589516f483e26e786600e
_icgraph.pdf): PDF inclusion: multiple pdfs with page group included in a singl
e page
>
<class_player_af1aa472885d589516f483e26e786600e_icgraph.pdf, id=628, 373.395pt 
x 100.375pt>
File: class_player_af1aa472885d589516f483e26e786600e_icgraph.pdf Graphic file (
type pdf)
<use class_player_af1aa472885d589516f483e26e786600e_icgraph.pdf>
Package pdftex.def Info: class_player_af1aa472885d589516f483e26e786600e_icgraph
.pdf  used on input line 257.
(pdftex.def)             Requested size: 350.0pt x 94.09059pt.
 [48]
Underfull \hbox (badness 10000) detected at line 270
[][][]
 []

 <./class_player_ae0f72a15d6130e0469251bc1543cc23a_cgraph.pdf>
<class_player_ae0f72a15d6130e0469251bc1543cc23a_cgraph.pdf, id=640, 455.7025pt 
x 100.375pt>
File: class_player_ae0f72a15d6130e0469251bc1543cc23a_cgraph.pdf Graphic file (t
ype pdf)
<use class_player_ae0f72a15d6130e0469251bc1543cc23a_cgraph.pdf>
Package pdftex.def Info: class_player_ae0f72a15d6130e0469251bc1543cc23a_cgraph.
pdf  used on input line 277.
(pdftex.def)             Requested size: 350.0pt x 77.09445pt.
 <./class_player_aa016a6401d45ac510fd71c5629b0a707_cgraph.pdf

pdfTeX warning: pdflatex (file ./class_player_aa016a6401d45ac510fd71c5629b0a707
_cgraph.pdf): PDF inclusion: multiple pdfs with page group included in a single
 page
>
<class_player_aa016a6401d45ac510fd71c5629b0a707_cgraph.pdf, id=648, 426.59375pt
 x 138.5175pt>
File: class_player_aa016a6401d45ac510fd71c5629b0a707_cgraph.pdf Graphic file (t
ype pdf)
<use class_player_aa016a6401d45ac510fd71c5629b0a707_cgraph.pdf>
Package pdftex.def Info: class_player_aa016a6401d45ac510fd71c5629b0a707_cgraph.
pdf  used on input line 290.
(pdftex.def)             Requested size: 350.0pt x 113.65482pt.
 [49] <./class_player_a021f86d4c3ff6e81ec19b77c38550fe9_icgraph.pdf>
<class_player_a021f86d4c3ff6e81ec19b77c38550fe9_icgraph.pdf, id=660, 360.34625p
t x 100.375pt>
File: class_player_a021f86d4c3ff6e81ec19b77c38550fe9_icgraph.pdf Graphic file (
type pdf)
<use class_player_a021f86d4c3ff6e81ec19b77c38550fe9_icgraph.pdf>
Package pdftex.def Info: class_player_a021f86d4c3ff6e81ec19b77c38550fe9_icgraph
.pdf  used on input line 312.
(pdftex.def)             Requested size: 350.0pt x 97.49226pt.
 [50])
(class_str_color.tex <./class_str_color__coll__graph.pdf>
<class_str_color__coll__graph.pdf, id=672, 187.70125pt x 293.095pt>
File: class_str_color__coll__graph.pdf Graphic file (type pdf)
<use class_str_color__coll__graph.pdf>
Package pdftex.def Info: class_str_color__coll__graph.pdf  used on input line 1
3.
(pdftex.def)             Requested size: 187.0pt x 292.01645pt.
 [51] [52] <./class_str_color_aad4aa345b5f0fe83eb77bfce3cea0157_icgraph.pdf>
<class_str_color_aad4aa345b5f0fe83eb77bfce3cea0157_icgraph.pdf, id=687, 543.028
75pt x 405.515pt>
File: class_str_color_aad4aa345b5f0fe83eb77bfce3cea0157_icgraph.pdf Graphic fil
e (type pdf)
<use class_str_color_aad4aa345b5f0fe83eb77bfce3cea0157_icgraph.pdf>
Package pdftex.def Info: class_str_color_aad4aa345b5f0fe83eb77bfce3cea0157_icgr
aph.pdf  used on input line 70.
(pdftex.def)             Requested size: 350.0pt x 261.37881pt.
 [53] <./class_str_color_ab79b28e206e66aa182ff9233a250fb6a_icgraph.pdf>
<class_str_color_ab79b28e206e66aa182ff9233a250fb6a_icgraph.pdf, id=700, 369.38p
t x 100.375pt>
File: class_str_color_ab79b28e206e66aa182ff9233a250fb6a_icgraph.pdf Graphic fil
e (type pdf)
<use class_str_color_ab79b28e206e66aa182ff9233a250fb6a_icgraph.pdf>
Package pdftex.def Info: class_str_color_ab79b28e206e66aa182ff9233a250fb6a_icgr
aph.pdf  used on input line 89.
(pdftex.def)             Requested size: 350.0pt x 95.1091pt.
) [54]
Chapitre 5.
(test_json_8cpp.tex <./test_json_8cpp__incl.pdf>
<test_json_8cpp__incl.pdf, id=712, 875.27pt x 381.425pt>
File: test_json_8cpp__incl.pdf Graphic file (type pdf)
<use test_json_8cpp__incl.pdf>
Package pdftex.def Info: test_json_8cpp__incl.pdf  used on input line 13.
(pdftex.def)             Requested size: 350.0pt x 152.52072pt.
) (_card_8h.tex <./_card_8h__incl.pdf

pdfTeX warning: pdflatex (file ./_card_8h__incl.pdf): PDF inclusion: multiple p
dfs with page group included in a single page
>
<_card_8h__incl.pdf, id=720, 254.9525pt x 156.585pt>
File: _card_8h__incl.pdf Graphic file (type pdf)
<use _card_8h__incl.pdf>
Package pdftex.def Info: _card_8h__incl.pdf  used on input line 10.
(pdftex.def)             Requested size: 254.0pt x 156.0064pt.
 [55

] <./_card_8h__dep__incl.pdf>
<_card_8h__dep__incl.pdf, id=732, 1056.94875pt x 437.635pt>
File: _card_8h__dep__incl.pdf Graphic file (type pdf)
<use _card_8h__dep__incl.pdf>
Package pdftex.def Info: _card_8h__dep__incl.pdf  used on input line 17.
(pdftex.def)             Requested size: 350.0pt x 144.91414pt.
) (_card_8h_source.tex [56])
(_creature_card_8h.tex <./_creature_card_8h__incl.pdf>
<_creature_card_8h__incl.pdf, id=744, 254.9525pt x 212.795pt>
File: _creature_card_8h__incl.pdf Graphic file (type pdf)
<use _creature_card_8h__incl.pdf>
Package pdftex.def Info: _creature_card_8h__incl.pdf  used on input line 8.
(pdftex.def)             Requested size: 254.0pt x 212.00868pt.
 <./_creature_card_8h__dep__incl.pdf

pdfTeX warning: pdflatex (file ./_creature_card_8h__dep__incl.pdf): PDF inclusi
on: multiple pdfs with page group included in a single page
>
<_creature_card_8h__dep__incl.pdf, id=752, 780.9175pt x 381.425pt>
File: _creature_card_8h__dep__incl.pdf Graphic file (type pdf)
<use _creature_card_8h__dep__incl.pdf>
Package pdftex.def Info: _creature_card_8h__dep__incl.pdf  used on input line 1
5.
(pdftex.def)             Requested size: 350.0pt x 170.95288pt.
 [57]) (_creature_card_8h_source.tex) (_deck_8h.tex <./_deck_8h__incl.pdf>
<_deck_8h__incl.pdf, id=764, 464.73625pt x 325.215pt>
File: _deck_8h__incl.pdf Graphic file (type pdf)
<use _deck_8h__incl.pdf>
Package pdftex.def Info: _deck_8h__incl.pdf  used on input line 12.
(pdftex.def)             Requested size: 350.0pt x 244.93289pt.

[58] <./_deck_8h__dep__incl.pdf>
<_deck_8h__dep__incl.pdf, id=776, 717.68124pt x 269.005pt>
File: _deck_8h__dep__incl.pdf Graphic file (type pdf)
<use _deck_8h__dep__incl.pdf>
Package pdftex.def Info: _deck_8h__dep__incl.pdf  used on input line 19.
(pdftex.def)             Requested size: 350.0pt x 131.18968pt.
) (_deck_8h_source.tex [59]) (_game_8h.tex <./_game_8h__incl.pdf>
<_game_8h__incl.pdf, id=789, 546.04pt x 437.635pt>
File: _game_8h__incl.pdf Graphic file (type pdf)
<use _game_8h__incl.pdf>
Package pdftex.def Info: _game_8h__incl.pdf  used on input line 8.
(pdftex.def)             Requested size: 350.0pt x 280.51282pt.
 <./_game_8h__dep__incl.pdf

pdfTeX warning: pdflatex (file ./_game_8h__dep__incl.pdf): PDF inclusion: multi
ple pdfs with page group included in a single page
>
<_game_8h__dep__incl.pdf, id=797, 319.1925pt x 156.585pt>
File: _game_8h__dep__incl.pdf Graphic file (type pdf)
<use _game_8h__dep__incl.pdf>
Package pdftex.def Info: _game_8h__dep__incl.pdf  used on input line 15.
(pdftex.def)             Requested size: 318.0pt x 156.00162pt.
 [60]) (_game_8h_source.tex) (_game_cards_8h.tex <./_game_cards_8h__incl.pdf>
<_game_cards_8h__incl.pdf, id=809, 313.17pt x 269.005pt>
File: _game_cards_8h__incl.pdf Graphic file (type pdf)
<use _game_cards_8h__incl.pdf>
Package pdftex.def Info: _game_cards_8h__incl.pdf  used on input line 11.
(pdftex.def)             Requested size: 312.0pt x 268.01099pt.

[61] <./_game_cards_8h__dep__incl.pdf>
<_game_cards_8h__dep__incl.pdf, id=821, 920.43875pt x 325.215pt>
File: _game_cards_8h__dep__incl.pdf Graphic file (type pdf)
<use _game_cards_8h__dep__incl.pdf>
Package pdftex.def Info: _game_cards_8h__dep__incl.pdf  used on input line 18.
(pdftex.def)             Requested size: 350.0pt x 123.66734pt.
) (_game_cards_8h_source.tex [62])
(_land_card_8h.tex <./_land_card_8h__incl.pdf>
<_land_card_8h__incl.pdf, id=833, 268.00125pt x 212.795pt>
File: _land_card_8h__incl.pdf Graphic file (type pdf)
<use _land_card_8h__incl.pdf>
Package pdftex.def Info: _land_card_8h__incl.pdf  used on input line 9.
(pdftex.def)             Requested size: 267.0pt x 211.99895pt.
 <./_land_card_8h__dep__incl.pdf

pdfTeX warning: pdflatex (file ./_land_card_8h__dep__incl.pdf): PDF inclusion: 
multiple pdfs with page group included in a single page
>
<_land_card_8h__dep__incl.pdf, id=841, 780.9175pt x 381.425pt>
File: _land_card_8h__dep__incl.pdf Graphic file (type pdf)
<use _land_card_8h__dep__incl.pdf>
Package pdftex.def Info: _land_card_8h__dep__incl.pdf  used on input line 16.
(pdftex.def)             Requested size: 350.0pt x 170.95288pt.
 [63]) (_land_card_8h_source.tex) (_player_8h.tex <./_player_8h__incl.pdf>
<_player_8h__incl.pdf, id=853, 546.04pt x 381.425pt>
File: _player_8h__incl.pdf Graphic file (type pdf)
<use _player_8h__incl.pdf>
Package pdftex.def Info: _player_8h__incl.pdf  used on input line 11.
(pdftex.def)             Requested size: 350.0pt x 244.48364pt.
 <./_player_8h__dep__incl.pdf

pdfTeX warning: pdflatex (file ./_player_8h__dep__incl.pdf): PDF inclusion: mul
tiple pdfs with page group included in a single page
>
<_player_8h__dep__incl.pdf, id=861, 414.54875pt x 212.795pt>
File: _player_8h__dep__incl.pdf Graphic file (type pdf)
<use _player_8h__dep__incl.pdf>
Package pdftex.def Info: _player_8h__dep__incl.pdf  used on input line 18.
(pdftex.def)             Requested size: 350.0pt x 179.66547pt.
 [64]) (_player_8h_source.tex) (_str_color_8h.tex <./_str_color_8h__incl.pdf>
<_str_color_8h__incl.pdf, id=873, 206.7725pt x 156.585pt>
File: _str_color_8h__incl.pdf Graphic file (type pdf)
<use _str_color_8h__incl.pdf>
Package pdftex.def Info: _str_color_8h__incl.pdf  used on input line 8.
(pdftex.def)             Requested size: 206.0pt x 156.004pt.

[65] <./_str_color_8h__dep__incl.pdf>
<_str_color_8h__dep__incl.pdf, id=886, 897.3525pt x 156.585pt>
File: _str_color_8h__dep__incl.pdf Graphic file (type pdf)
<use _str_color_8h__dep__incl.pdf>
Package pdftex.def Info: _str_color_8h__dep__incl.pdf  used on input line 15.
(pdftex.def)             Requested size: 350.0pt x 61.07268pt.
) (_str_color_8h_source.tex) (_util_8h.tex <./_util_8h__incl.pdf

pdfTeX warning: pdflatex (file ./_util_8h__incl.pdf): PDF inclusion: multiple p
dfs with page group included in a single page
>
<_util_8h__incl.pdf, id=894, 287.0725pt x 156.585pt>
File: _util_8h__incl.pdf Graphic file (type pdf)
<use _util_8h__incl.pdf>
Package pdftex.def Info: _util_8h__incl.pdf  used on input line 10.
(pdftex.def)             Requested size: 286.0pt x 156.004pt.
 [66] <./_util_8h__dep__incl.pdf>
<_util_8h__dep__incl.pdf, id=906, 319.1925pt x 156.585pt>
File: _util_8h__dep__incl.pdf Graphic file (type pdf)
<use _util_8h__dep__incl.pdf>
Package pdftex.def Info: _util_8h__dep__incl.pdf  used on input line 17.
(pdftex.def)             Requested size: 318.0pt x 156.00162pt.
 <./_util_8h_acfb36b6330384dbc3c0733a83da43a70_icgraph.pdf

pdfTeX warning: pdflatex (file ./_util_8h_acfb36b6330384dbc3c0733a83da43a70_icg
raph.pdf): PDF inclusion: multiple pdfs with page group included in a single pa
ge
>
<_util_8h_acfb36b6330384dbc3c0733a83da43a70_icgraph.pdf, id=914, 455.7025pt x 1
38.5175pt>
File: _util_8h_acfb36b6330384dbc3c0733a83da43a70_icgraph.pdf Graphic file (type
 pdf)
<use _util_8h_acfb36b6330384dbc3c0733a83da43a70_icgraph.pdf>
Package pdftex.def Info: _util_8h_acfb36b6330384dbc3c0733a83da43a70_icgraph.pdf
  used on input line 41.
(pdftex.def)             Requested size: 350.0pt x 106.39037pt.
 [67]) (_util_8h_source.tex) (_card_8cpp.tex <./_card_8cpp__incl.pdf>
<_card_8cpp__incl.pdf, id=926, 339.2675pt x 212.795pt>
File: _card_8cpp__incl.pdf Graphic file (type pdf)
<use _card_8cpp__incl.pdf>
Package pdftex.def Info: _card_8cpp__incl.pdf  used on input line 10.
(pdftex.def)             Requested size: 338.0pt x 212.00868pt.
)
(_creature_card_8cpp.tex [68] <./_creature_card_8cpp__incl.pdf>
<_creature_card_8cpp__incl.pdf, id=938, 334.24875pt x 269.005pt>
File: _creature_card_8cpp__incl.pdf Graphic file (type pdf)
<use _creature_card_8cpp__incl.pdf>
Package pdftex.def Info: _creature_card_8cpp__incl.pdf  used on input line 11.
(pdftex.def)             Requested size: 333.0pt x 268.0233pt.
)
(_deck_8cpp.tex [69] <./_deck_8cpp__incl.pdf>
<_deck_8cpp__incl.pdf, id=950, 953.5625pt x 381.425pt>
File: _deck_8cpp__incl.pdf Graphic file (type pdf)
<use _deck_8cpp__incl.pdf>
Package pdftex.def Info: _deck_8cpp__incl.pdf  used on input line 15.
(pdftex.def)             Requested size: 350.0pt x 140.00175pt.
 [70]) (_game_8cpp.tex <./_game_8cpp__incl.pdf>
<_game_8cpp__incl.pdf, id=962, 817.0525pt x 493.845pt>
File: _game_8cpp__incl.pdf Graphic file (type pdf)
<use _game_8cpp__incl.pdf>
Package pdftex.def Info: _game_8cpp__incl.pdf  used on input line 19.
(pdftex.def)             Requested size: 350.0pt x 211.55045pt.
 [71] <./_game_8cpp_a65b69695f76049b7d677a330557e2e77_icgraph.pdf>
<_game_8cpp_a65b69695f76049b7d677a330557e2e77_icgraph.pdf, id=975, 353.32pt x 1
00.375pt>
File: _game_8cpp_a65b69695f76049b7d677a330557e2e77_icgraph.pdf Graphic file (ty
pe pdf)
<use _game_8cpp_a65b69695f76049b7d677a330557e2e77_icgraph.pdf>
Package pdftex.def Info: _game_8cpp_a65b69695f76049b7d677a330557e2e77_icgraph.p
df  used on input line 40.
(pdftex.def)             Requested size: 350.0pt x 99.4328pt.
) (_game_cards_8cpp.tex <./_game_cards_8cpp__incl.pdf

pdfTeX warning: pdflatex (file ./_game_cards_8cpp__incl.pdf): PDF inclusion: mu
ltiple pdfs with page group included in a single page
>
<_game_cards_8cpp__incl.pdf, id=983, 313.17pt x 325.215pt>
File: _game_cards_8cpp__incl.pdf Graphic file (type pdf)
<use _game_cards_8cpp__incl.pdf>
Package pdftex.def Info: _game_cards_8cpp__incl.pdf  used on input line 8.
(pdftex.def)             Requested size: 312.0pt x 324.0133pt.
) (_land_card_8cpp.tex <./_land_card_8cpp__incl.pdf

pdfTeX warning: pdflatex (file ./_land_card_8cpp__incl.pdf): PDF inclusion: mul
tiple pdfs with page group included in a single page
>
<_land_card_8cpp__incl.pdf, id=991, 351.3125pt x 269.005pt>
File: _land_card_8cpp__incl.pdf Graphic file (type pdf)
<use _land_card_8cpp__incl.pdf>
Package pdftex.def Info: _land_card_8cpp__incl.pdf  used on input line 11.
(pdftex.def)             Requested size: 350.0pt x 268.0192pt.
 [72]) (_main_8cpp.tex <./_main_8cpp__incl.pdf>
<_main_8cpp__incl.pdf, id=1003, 877.2775pt x 493.845pt>
File: _main_8cpp__incl.pdf Graphic file (type pdf)
<use _main_8cpp__incl.pdf>
Package pdftex.def Info: _main_8cpp__incl.pdf  used on input line 16.
(pdftex.def)             Requested size: 350.0pt x 197.02962pt.
 [73] <./_main_8cpp_ae66f6b31b5ad750f1fe042a706a4e3d4_cgraph.pdf>
<_main_8cpp_ae66f6b31b5ad750f1fe042a706a4e3d4_cgraph.pdf, id=1015, 558.085pt x 
367.3725pt>
File: _main_8cpp_ae66f6b31b5ad750f1fe042a706a4e3d4_cgraph.pdf Graphic file (typ
e pdf)
<use _main_8cpp_ae66f6b31b5ad750f1fe042a706a4e3d4_cgraph.pdf>
Package pdftex.def Info: _main_8cpp_ae66f6b31b5ad750f1fe042a706a4e3d4_cgraph.pd
f  used on input line 51.
(pdftex.def)             Requested size: 350.0pt x 230.40323pt.
) (_player_8cpp.tex [74] <./_player_8cpp__incl.pdf>
<_player_8cpp__incl.pdf, id=1027, 662.475pt x 437.635pt>
File: _player_8cpp__incl.pdf Graphic file (type pdf)
<use _player_8cpp__incl.pdf>
Package pdftex.def Info: _player_8cpp__incl.pdf  used on input line 9.
(pdftex.def)             Requested size: 350.0pt x 231.21089pt.
) (_str_color_8cpp.tex <./_str_color_8cpp__incl.pdf

pdfTeX warning: pdflatex (file ./_str_color_8cpp__incl.pdf): PDF inclusion: mul
tiple pdfs with page group included in a single page
>
<_str_color_8cpp__incl.pdf, id=1035, 201.75375pt x 212.795pt>
File: _str_color_8cpp__incl.pdf Graphic file (type pdf)
<use _str_color_8cpp__incl.pdf>
Package pdftex.def Info: _str_color_8cpp__incl.pdf  used on input line 8.
(pdftex.def)             Requested size: 201.0pt x 212.0022pt.
 [75]) [76] (refman.ind [77



] [78] [79]) (refman.aux) ) 
Here is how much of TeX's memory you used:
 13787 strings out of 478659
 259713 string characters out of 2845920
 570876 words of memory out of 3000000
 31523 multiletter control sequences out of 15000+600000
 465123 words of font info for 102 fonts, out of 8000000 for 9000
 1141 hyphenation exceptions out of 8191
 99i,16n,117p,397b,634s stack positions out of 5000i,500n,10000p,200000b,80000s
{C:/Users/bilai/AppData/Local/Programs/MiKTeX/fonts/
enc/dvips/base/8r.enc}<C:/Users/bilai/AppData/Local/Programs/MiKTeX/fonts/type1
/public/amsfonts/cm/cmmi10.pfb><C:/Users/bilai/AppData/Local/Programs/MiKTeX/fo
nts/type1/public/amsfonts/cm/cmmi8.pfb><C:/Users/bilai/AppData/Local/Programs/M
iKTeX/fonts/type1/public/amsfonts/cm/cmsy10.pfb><C:/Users/bilai/AppData/Local/P
rograms/MiKTeX/fonts/type1/public/amsfonts/cm/cmsy8.pfb><C:/Users/bilai/AppData
/Local/Programs/MiKTeX/fonts/type1/urw/courier/ucrb8a.pfb><C:/Users/bilai/AppDa
ta/Local/Programs/MiKTeX/fonts/type1/urw/courier/ucrr8a.pfb><C:/Users/bilai/App
Data/Local/Programs/MiKTeX/fonts/type1/urw/courier/ucrro8a.pfb><C:/Users/bilai/
AppData/Local/Programs/MiKTeX/fonts/type1/urw/helvetic/uhvb8a.pfb><C:/Users/bil
ai/AppData/Local/Programs/MiKTeX/fonts/type1/urw/helvetic/uhvb8ac.pfb><C:/Users
/bilai/AppData/Local/Programs/MiKTeX/fonts/type1/urw/helvetic/uhvr8a.pfb><C:/Us
ers/bilai/AppData/Local/Programs/MiKTeX/fonts/type1/urw/helvetic/uhvro8a.pfb>
Output written on refman.pdf (87 pages, 1689894 bytes).
PDF statistics:
 1111 PDF objects out of 1200 (max. 8388607)
 0 named destinations out of 1000 (max. 500000)
 446 words of extra memory for PDF output out of 10000 (max. 10000000)

